Base path: /Applications/Unity/Unity.app/Contents
Pipe name: \\.\pipe\UnityShaderCompiler-64bit-1-1994466048
Cmd: getPlatforms
Cmd: preprocess
  insize=1185 outsize=407 ok=1
Cmd: compileSnippet
  api=0 type=0 insize=713 outsize=311 kw= ok=1
Cmd: compileSnippet
  api=0 type=1 insize=713 outsize=6 kw= ok=1
Cmd: compileSnippet
  api=0 type=0 insize=667 outsize=208 kw= ok=1
Cmd: compileSnippet
  api=0 type=1 insize=667 outsize=6 kw= ok=1
Cmd: preprocess
  insize=1601 outsize=192 ok=1
Cmd: compileSnippet
  api=0 type=0 insize=1709 outsize=2108 kw= ok=1
Cmd: compileSnippet
  api=0 type=1 insize=1709 outsize=6 kw= ok=1
Cmd: preprocess
  insize=1159 outsize=381 ok=1
Cmd: compileSnippet
  api=0 type=0 insize=713 outsize=311 kw= ok=1
Cmd: compileSnippet
  api=0 type=1 insize=713 outsize=6 kw= ok=1
Cmd: compileSnippet
  api=0 type=0 insize=667 outsize=208 kw= ok=1
Cmd: compileSnippet
  api=0 type=1 insize=667 outsize=6 kw= ok=1
Cmd: preprocess
  insize=137 outsize=137 ok=1
Cmd: preprocess
  insize=1048 outsize=208 ok=1
Cmd: compileSnippet
  api=0 type=0 insize=1140 outsize=749 kw= ok=1
Cmd: compileSnippet
  api=0 type=1 insize=1140 outsize=6 kw= ok=1
Cmd: preprocess
  insize=766 outsize=215 ok=1
Cmd: compileSnippet
  api=0 type=0 insize=851 outsize=437 kw= ok=1
Cmd: compileSnippet
  api=0 type=1 insize=851 outsize=6 kw= ok=1
Cmd: preprocess
  insize=787 outsize=189 ok=1
Cmd: compileSnippet
  api=0 type=0 insize=897 outsize=552 kw= ok=1
Cmd: compileSnippet
  api=0 type=1 insize=897 outsize=6 kw= ok=1
Cmd: compileSnippet
  api=0 type=0 insize=938 outsize=5974 kw=POINT SHADOWS_OFF ok=1
Cmd: compileSnippet
  api=0 type=1 insize=938 outsize=6 kw=POINT SHADOWS_OFF ok=1
Cmd: compileSnippet
  api=0 type=0 insize=982 outsize=10599 kw=DIRECTIONAL SHADOWS_OFF LIGHTMAP_OFF DIRLIGHTMAP_COMBINED DYNAMICLIGHTMAP_ON ok=1
Cmd: compileSnippet
  api=0 type=1 insize=982 outsize=6 kw=DIRECTIONAL SHADOWS_OFF LIGHTMAP_OFF DIRLIGHTMAP_COMBINED DYNAMICLIGHTMAP_ON ok=1
Cmd: compileSnippet
  api=0 type=0 insize=982 outsize=9863 kw=DIRECTIONAL SHADOWS_OFF LIGHTMAP_OFF DIRLIGHTMAP_OFF DYNAMICLIGHTMAP_OFF _EMISSION ok=1
Cmd: compileSnippet
  api=0 type=1 insize=982 outsize=6 kw=DIRECTIONAL SHADOWS_OFF LIGHTMAP_OFF DIRLIGHTMAP_OFF DYNAMICLIGHTMAP_OFF _EMISSION ok=1
Cmd: compileSnippet
  api=0 type=0 insize=982 outsize=10330 kw=DIRECTIONAL SHADOWS_SCREEN LIGHTMAP_OFF DIRLIGHTMAP_OFF DYNAMICLIGHTMAP_OFF _EMISSION ok=1
Cmd: compileSnippet
  api=0 type=1 insize=982 outsize=6 kw=DIRECTIONAL SHADOWS_SCREEN LIGHTMAP_OFF DIRLIGHTMAP_OFF DYNAMICLIGHTMAP_OFF _EMISSION ok=1
